[2024-05-17 14:24:20] local.ERROR: Trying to access array offset on value of type null {"exception":"[object] (ErrorException(code: 0): Trying to access array offset on value of type null at C:\\laragon\\www\\Educalist\\Backend\\educalist\\vendor\\laravel\\sail\\src\\Console\\Concerns\\InteractsWithDockerComposeServices.php:69)
[stacktrace]
#0 C:\\laragon\\www\\Educalist\\Backend\\educalist\\vendor\\laravel\\framework\\src\\Illuminate\\Foundation\\Bootstrap\\HandleExceptions.php(256): Illuminate\\Foundation\\Bootstrap\\HandleExceptions->handleError()
#1 C:\\laragon\\www\\Educalist\\Backend\\educalist\\vendor\\laravel\\sail\\src\\Console\\Concerns\\InteractsWithDockerComposeServices.php(69): Illuminate\\Foundation\\Bootstrap\\HandleExceptions->Illuminate\\Foundation\\Bootstrap\\{closure}()
#2 C:\\laragon\\www\\Educalist\\Backend\\educalist\\vendor\\laravel\\sail\\src\\Console\\InstallCommand.php(52): Laravel\\Sail\\Console\\InstallCommand->buildDockerCompose()
#3 C:\\laragon\\www\\Educalist\\Backend\\educalist\\vendor\\laravel\\framework\\src\\Illuminate\\Container\\BoundMethod.php(36): Laravel\\Sail\\Console\\InstallCommand->handle()
#4 C:\\laragon\\www\\Educalist\\Backend\\educalist\\vendor\\laravel\\framework\\src\\Illuminate\\Container\\Util.php(41): Illuminate\\Container\\BoundMethod::Illuminate\\Container\\{closure}()
#5 C:\\laragon\\www\\Educalist\\Backend\\educalist\\vendor\\laravel\\framework\\src\\Illuminate\\Container\\BoundMethod.php(93): Illuminate\\Container\\Util::unwrapIfClosure()
#6 C:\\laragon\\www\\Educalist\\Backend\\educalist\\vendor\\laravel\\framework\\src\\Illuminate\\Container\\BoundMethod.php(35): Illuminate\\Container\\BoundMethod::callBoundMethod()
#7 C:\\laragon\\www\\Educalist\\Backend\\educalist\\vendor\\laravel\\framework\\src\\Illuminate\\Container\\Container.php(662): Illuminate\\Container\\BoundMethod::call()
#8 C:\\laragon\\www\\Educalist\\Backend\\educalist\\vendor\\laravel\\framework\\src\\Illuminate\\Console\\Command.php(212): Illuminate\\Container\\Container->call()
#9 C:\\laragon\\www\\Educalist\\Backend\\educalist\\vendor\\symfony\\console\\Command\\Command.php(279): Illuminate\\Console\\Command->execute()
#10 C:\\laragon\\www\\Educalist\\Backend\\educalist\\vendor\\laravel\\framework\\src\\Illuminate\\Console\\Command.php(181): Symfony\\Component\\Console\\Command\\Command->run()
#11 C:\\laragon\\www\\Educalist\\Backend\\educalist\\vendor\\symfony\\console\\Application.php(1049): Illuminate\\Console\\Command->run()
#12 C:\\laragon\\www\\Educalist\\Backend\\educalist\\vendor\\symfony\\console\\Application.php(318): Symfony\\Component\\Console\\Application->doRunCommand()
#13 C:\\laragon\\www\\Educalist\\Backend\\educalist\\vendor\\symfony\\console\\Application.php(169): Symfony\\Component\\Console\\Application->doRun()
#14 C:\\laragon\\www\\Educalist\\Backend\\educalist\\vendor\\laravel\\framework\\src\\Illuminate\\Foundation\\Console\\Kernel.php(196): Symfony\\Component\\Console\\Application->run()
#15 C:\\laragon\\www\\Educalist\\Backend\\educalist\\vendor\\laravel\\framework\\src\\Illuminate\\Foundation\\Application.php(1187): Illuminate\\Foundation\\Console\\Kernel->handle()
#16 C:\\laragon\\www\\Educalist\\Backend\\educalist\\artisan(13): Illuminate\\Foundation\\Application->handleCommand()
#17 {main}
"} 
[2024-05-17 14:27:33] local.ERROR: Trying to access array offset on value of type null {"exception":"[object] (ErrorException(code: 0): Trying to access array offset on value of type null at C:\\laragon\\www\\Educalist\\Backend\\educalist\\vendor\\laravel\\sail\\src\\Console\\Concerns\\InteractsWithDockerComposeServices.php:69)
[stacktrace]
#0 C:\\laragon\\www\\Educalist\\Backend\\educalist\\vendor\\laravel\\framework\\src\\Illuminate\\Foundation\\Bootstrap\\HandleExceptions.php(256): Illuminate\\Foundation\\Bootstrap\\HandleExceptions->handleError()
#1 C:\\laragon\\www\\Educalist\\Backend\\educalist\\vendor\\laravel\\sail\\src\\Console\\Concerns\\InteractsWithDockerComposeServices.php(69): Illuminate\\Foundation\\Bootstrap\\HandleExceptions->Illuminate\\Foundation\\Bootstrap\\{closure}()
#2 C:\\laragon\\www\\Educalist\\Backend\\educalist\\vendor\\laravel\\sail\\src\\Console\\InstallCommand.php(52): Laravel\\Sail\\Console\\InstallCommand->buildDockerCompose()
#3 C:\\laragon\\www\\Educalist\\Backend\\educalist\\vendor\\laravel\\framework\\src\\Illuminate\\Container\\BoundMethod.php(36): Laravel\\Sail\\Console\\InstallCommand->handle()
#4 C:\\laragon\\www\\Educalist\\Backend\\educalist\\vendor\\laravel\\framework\\src\\Illuminate\\Container\\Util.php(41): Illuminate\\Container\\BoundMethod::Illuminate\\Container\\{closure}()
#5 C:\\laragon\\www\\Educalist\\Backend\\educalist\\vendor\\laravel\\framework\\src\\Illuminate\\Container\\BoundMethod.php(93): Illuminate\\Container\\Util::unwrapIfClosure()
#6 C:\\laragon\\www\\Educalist\\Backend\\educalist\\vendor\\laravel\\framework\\src\\Illuminate\\Container\\BoundMethod.php(35): Illuminate\\Container\\BoundMethod::callBoundMethod()
#7 C:\\laragon\\www\\Educalist\\Backend\\educalist\\vendor\\laravel\\framework\\src\\Illuminate\\Container\\Container.php(662): Illuminate\\Container\\BoundMethod::call()
#8 C:\\laragon\\www\\Educalist\\Backend\\educalist\\vendor\\laravel\\framework\\src\\Illuminate\\Console\\Command.php(212): Illuminate\\Container\\Container->call()
#9 C:\\laragon\\www\\Educalist\\Backend\\educalist\\vendor\\symfony\\console\\Command\\Command.php(279): Illuminate\\Console\\Command->execute()
#10 C:\\laragon\\www\\Educalist\\Backend\\educalist\\vendor\\laravel\\framework\\src\\Illuminate\\Console\\Command.php(181): Symfony\\Component\\Console\\Command\\Command->run()
#11 C:\\laragon\\www\\Educalist\\Backend\\educalist\\vendor\\symfony\\console\\Application.php(1049): Illuminate\\Console\\Command->run()
#12 C:\\laragon\\www\\Educalist\\Backend\\educalist\\vendor\\symfony\\console\\Application.php(318): Symfony\\Component\\Console\\Application->doRunCommand()
#13 C:\\laragon\\www\\Educalist\\Backend\\educalist\\vendor\\symfony\\console\\Application.php(169): Symfony\\Component\\Console\\Application->doRun()
#14 C:\\laragon\\www\\Educalist\\Backend\\educalist\\vendor\\laravel\\framework\\src\\Illuminate\\Foundation\\Console\\Kernel.php(196): Symfony\\Component\\Console\\Application->run()
#15 C:\\laragon\\www\\Educalist\\Backend\\educalist\\vendor\\laravel\\framework\\src\\Illuminate\\Foundation\\Application.php(1187): Illuminate\\Foundation\\Console\\Kernel->handle()
#16 C:\\laragon\\www\\Educalist\\Backend\\educalist\\artisan(13): Illuminate\\Foundation\\Application->handleCommand()
#17 {main}
"} 
